<?xml version="1.0" encoding="UTF-8"?>
<!-- Generated by org.testng.reporters.JUnitXMLReporter -->
<testsuite ignored="0" hostname="Hitheshmaryala" failures="0" tests="8" name="Workflow Execution" time="12.261" errors="0" timestamp="2026-03-13T14:16:58 IST">
  <testcase classname="com.eliasnogueira.workflow.BrowserInitializationWorkflow" name="initializeBrowser" time="0.116"/>
  <testcase classname="com.eliasnogueira.workflow.UserLoginWorkflow" name="executeLogin" time="0.013"/>
  <testcase classname="com.eliasnogueira.workflow.UserLogoutWorkflow" name="executeLogout" time="0.01"/>
  <testcase classname="com.eliasnogueira.workflow.SearchWorkflow" name="executeSearch" time="0.005"/>
  <testcase classname="com.eliasnogueira.workflow.UserRegistrationWorkflow" name="executeRegistration" time="0.007"/>
  <testcase classname="com.eliasnogueira.workflow.BookingValidationWorkflow" name="validateBooking" time="0.005"/>
  <testcase classname="com.eliasnogueira.workflow.RoomBookingWorkflow" name="validateRoomBooking" time="0.006"/>
  <testcase classname="com.eliasnogueira.workflow.BookingWorkflow" name="executeCompleteBookingWorkflow" time="4.703"/>
</testsuite> <!-- Workflow Execution -->
