<?xml version="1.0" encoding="UTF-8"?>
<testsuite xmlns:xsi="http://www.w3.org/2001/XMLSchema-instance" xsi:noNamespaceSchemaLocation="https://maven.apache.org/surefire/maven-surefire-plugin/xsd/surefire-test-report.xsd" version="3.0.2" name="TestSuite" time="14.838" tests="8" errors="0" skipped="0" failures="0" flakes="0">
  <properties>
[...]
</properties>
  <testcase name="initializeBrowser" classname="com.eliasnogueira.workflow.BrowserInitializationWorkflow" time="0.315">
    <system-out><![CDATA[Allure environment data saved.
Executing Browser Initialization Workflow
Initializing browser: chrome
Headless mode: false
Timeout: 30 seconds
Browser initialization workflow executed successfully
]]></system-out>
    <system-err><![CDATA[[main] ERROR io.qameta.allure.listener.LifecycleNotifier - Could not invoke listener method
java.lang.NullPointerException: Cannot invoke "org.openqa.selenium.remote.RemoteWebDriver.getCapabilities()" because the return value of "com.eliasnogueira.driver.DriverManager.getDriver()" is null
	at com.eliasnogueira.driver.DriverManager.getInfo(DriverManager.java:50)
	at com.eliasnogueira.report.AllureTestLifecycleListener.afterTestStart(AllureTestLifecycleListener.java:70)
	at io.qameta.allure.listener.LifecycleNotifier.lambda$runSafely$0(LifecycleNotifier.java:210)
	at java.base/java.util.ArrayList.forEach(ArrayList.java:1511)
	at io.qameta.allure.listener.LifecycleNotifier.runSafely(LifecycleNotifier.java:208)
	at io.qameta.allure.listener.LifecycleNotifier.afterTestStart(LifecycleNotifier.java:82)
	at io.qameta.allure.AllureLifecycle.startTestCase(AllureLifecycle.java:366)
	at io.qameta.allure.testng.AllureTestNg.startTestCase(AllureTestNg.java:408)
	at io.qameta.allure.testng.AllureTestNg.startTestCase(AllureTestNg.java:348)
	at io.qameta.allure.testng.AllureTestNg.onTestStart(AllureTestNg.java:314)
	at org.testng.internal.TestListenerHelper.runTestListeners(TestListenerHelper.java:122)
	at org.testng.internal.invokers.TestInvoker.runTestResultListener(TestInvoker.java:296)
	at org.testng.internal.invokers.TestInvoker.invokeMethod(TestInvoker.java:658)
	at org.testng.internal.invokers.TestInvoker.invokeTestMethod(TestInvoker.java:230)
	at org.testng.internal.invokers.MethodRunner.runInSequence(MethodRunner.java:63)
	at org.testng.internal.invokers.TestInvoker$MethodInvocationAgent.invoke(TestInvoker.java:1005)
	at org.testng.internal.invokers.TestInvoker.invokeTestMethods(TestInvoker.java:203)
	at org.testng.internal.invokers.TestMethodWorker.invokeTestMethods(TestMethodWorker.java:154)
	at org.testng.internal.invokers.TestMethodWorker.run(TestMethodWorker.java:134)
	at java.base/java.util.ArrayList.forEach(ArrayList.java:1511)
	at org.testng.TestRunner.privateRun(TestRunner.java:744)
	at org.testng.TestRunner.run(TestRunner.java:616)
	at org.testng.SuiteRunner.runTest(SuiteRunner.java:421)
	at org.testng.SuiteRunner.runSequentially(SuiteRunner.java:413)
	at org.testng.SuiteRunner.privateRun(SuiteRunner.java:373)
	at org.testng.SuiteRunner.run(SuiteRunner.java:312)
	at org.testng.SuiteRunnerWorker.runSuite(SuiteRunnerWorker.java:52)
	at org.testng.SuiteRunnerWorker.run(SuiteRunnerWorker.java:95)
	at org.testng.TestNG.runSuitesSequentially(TestNG.java:1274)
	at org.testng.TestNG.runSuitesLocally(TestNG.java:1208)
	at org.testng.TestNG.runSuites(TestNG.java:1112)
	at org.testng.TestNG.run(TestNG.java:1079)
	at org.apache.maven.surefire.testng.TestNGExecutor.run(TestNGExecutor.java:308)
	at org.apache.maven.surefire.testng.TestNGXmlTestSuite.execute(TestNGXmlTestSuite.java:71)
	at org.apache.maven.surefire.testng.TestNGProvider.invoke(TestNGProvider.java:113)
	at org.apache.maven.surefire.booter.ForkedBooter.runSuitesInProcess(ForkedBooter.java:385)
	at org.apache.maven.surefire.booter.ForkedBooter.execute(ForkedBooter.java:162)
	at org.apache.maven.surefire.booter.ForkedBooter.run(ForkedBooter.java:507)
	at org.apache.maven.surefire.booter.ForkedBooter.main(ForkedBooter.java:495)
]]></system-err>
  </testcase>
  <testcase name="executeLogin" classname="com.eliasnogueira.workflow.UserLoginWorkflow" time="0.031">
    <system-out><![CDATA[Executing Login Workflow
Processing username: testuser@email.com
Processing password: password123
Login workflow executed successfully
]]></system-out>
    <system-err><![CDATA[[main] ERROR io.qameta.allure.listener.LifecycleNotifier - Could not invoke listener method
java.lang.NullPointerException: Cannot invoke "org.openqa.selenium.remote.RemoteWebDriver.getCapabilities()" because the return value of "com.eliasnogueira.driver.DriverManager.getDriver()" is null
	at com.eliasnogueira.driver.DriverManager.getInfo(DriverManager.java:50)
	at com.eliasnogueira.report.AllureTestLifecycleListener.afterTestStart(AllureTestLifecycleListener.java:70)
	at io.qameta.allure.listener.LifecycleNotifier.lambda$runSafely$0(LifecycleNotifier.java:210)
	at java.base/java.util.ArrayList.forEach(ArrayList.java:1511)
	at io.qameta.allure.listener.LifecycleNotifier.runSafely(LifecycleNotifier.java:208)
	at io.qameta.allure.listener.LifecycleNotifier.afterTestStart(LifecycleNotifier.java:82)
	at io.qameta.allure.AllureLifecycle.startTestCase(AllureLifecycle.java:366)
	at io.qameta.allure.testng.AllureTestNg.startTestCase(AllureTestNg.java:408)
	at io.qameta.allure.testng.AllureTestNg.startTestCase(AllureTestNg.java:348)
	at io.qameta.allure.testng.AllureTestNg.onTestStart(AllureTestNg.java:314)
	at org.testng.internal.TestListenerHelper.runTestListeners(TestListenerHelper.java:122)
	at org.testng.internal.invokers.TestInvoker.runTestResultListener(TestInvoker.java:296)
	at org.testng.internal.invokers.TestInvoker.invokeMethod(TestInvoker.java:658)
	at org.testng.internal.invokers.TestInvoker.invokeTestMethod(TestInvoker.java:230)
	at org.testng.internal.invokers.MethodRunner.runInSequence(MethodRunner.java:63)
	at org.testng.internal.invokers.TestInvoker$MethodInvocationAgent.invoke(TestInvoker.java:1005)
	at org.testng.internal.invokers.TestInvoker.invokeTestMethods(TestInvoker.java:203)
	at org.testng.internal.invokers.TestMethodWorker.invokeTestMethods(TestMethodWorker.java:154)
	at org.testng.internal.invokers.TestMethodWorker.run(TestMethodWorker.java:134)
	at java.base/java.util.ArrayList.forEach(ArrayList.java:1511)
	at org.testng.TestRunner.privateRun(TestRunner.java:744)
	at org.testng.TestRunner.run(TestRunner.java:616)
	at org.testng.SuiteRunner.runTest(SuiteRunner.java:421)
	at org.testng.SuiteRunner.runSequentially(SuiteRunner.java:413)
	at org.testng.SuiteRunner.privateRun(SuiteRunner.java:373)
	at org.testng.SuiteRunner.run(SuiteRunner.java:312)
	at org.testng.SuiteRunnerWorker.runSuite(SuiteRunnerWorker.java:52)
	at org.testng.SuiteRunnerWorker.run(SuiteRunnerWorker.java:95)
	at org.testng.TestNG.runSuitesSequentially(TestNG.java:1274)
	at org.testng.TestNG.runSuitesLocally(TestNG.java:1208)
	at org.testng.TestNG.runSuites(TestNG.java:1112)
	at org.testng.TestNG.run(TestNG.java:1079)
	at org.apache.maven.surefire.testng.TestNGExecutor.run(TestNGExecutor.java:308)
	at org.apache.maven.surefire.testng.TestNGXmlTestSuite.execute(TestNGXmlTestSuite.java:71)
	at org.apache.maven.surefire.testng.TestNGProvider.invoke(TestNGProvider.java:113)
	at org.apache.maven.surefire.booter.ForkedBooter.runSuitesInProcess(ForkedBooter.java:385)
	at org.apache.maven.surefire.booter.ForkedBooter.execute(ForkedBooter.java:162)
	at org.apache.maven.surefire.booter.ForkedBooter.run(ForkedBooter.java:507)
	at org.apache.maven.surefire.booter.ForkedBooter.main(ForkedBooter.java:495)
]]></system-err>
  </testcase>
  <testcase name="executeLogout" classname="com.eliasnogueira.workflow.UserLogoutWorkflow" time="0.014">
    <system-out><![CDATA[Executing Logout Workflow
Checking active session: true
Terminating user session
Logout workflow executed successfully
]]></system-out>
    <system-err><![CDATA[[main] ERROR io.qameta.allure.listener.LifecycleNotifier - Could not invoke listener method
java.lang.NullPointerException: Cannot invoke "org.openqa.selenium.remote.RemoteWebDriver.getCapabilities()" because the return value of "com.eliasnogueira.driver.DriverManager.getDriver()" is null
	at com.eliasnogueira.driver.DriverManager.getInfo(DriverManager.java:50)
	at com.eliasnogueira.report.AllureTestLifecycleListener.afterTestStart(AllureTestLifecycleListener.java:70)
	at io.qameta.allure.listener.LifecycleNotifier.lambda$runSafely$0(LifecycleNotifier.java:210)
	at java.base/java.util.ArrayList.forEach(ArrayList.java:1511)
	at io.qameta.allure.listener.LifecycleNotifier.runSafely(LifecycleNotifier.java:208)
	at io.qameta.allure.listener.LifecycleNotifier.afterTestStart(LifecycleNotifier.java:82)
	at io.qameta.allure.AllureLifecycle.startTestCase(AllureLifecycle.java:366)
	at io.qameta.allure.testng.AllureTestNg.startTestCase(AllureTestNg.java:408)
	at io.qameta.allure.testng.AllureTestNg.startTestCase(AllureTestNg.java:348)
	at io.qameta.allure.testng.AllureTestNg.onTestStart(AllureTestNg.java:314)
	at org.testng.internal.TestListenerHelper.runTestListeners(TestListenerHelper.java:122)
	at org.testng.internal.invokers.TestInvoker.runTestResultListener(TestInvoker.java:296)
	at org.testng.internal.invokers.TestInvoker.invokeMethod(TestInvoker.java:658)
	at org.testng.internal.invokers.TestInvoker.invokeTestMethod(TestInvoker.java:230)
	at org.testng.internal.invokers.MethodRunner.runInSequence(MethodRunner.java:63)
	at org.testng.internal.invokers.TestInvoker$MethodInvocationAgent.invoke(TestInvoker.java:1005)
	at org.testng.internal.invokers.TestInvoker.invokeTestMethods(TestInvoker.java:203)
	at org.testng.internal.invokers.TestMethodWorker.invokeTestMethods(TestMethodWorker.java:154)
	at org.testng.internal.invokers.TestMethodWorker.run(TestMethodWorker.java:134)
	at java.base/java.util.ArrayList.forEach(ArrayList.java:1511)
	at org.testng.TestRunner.privateRun(TestRunner.java:744)
	at org.testng.TestRunner.run(TestRunner.java:616)
	at org.testng.SuiteRunner.runTest(SuiteRunner.java:421)
	at org.testng.SuiteRunner.runSequentially(SuiteRunner.java:413)
	at org.testng.SuiteRunner.privateRun(SuiteRunner.java:373)
	at org.testng.SuiteRunner.run(SuiteRunner.java:312)
	at org.testng.SuiteRunnerWorker.runSuite(SuiteRunnerWorker.java:52)
	at org.testng.SuiteRunnerWorker.run(SuiteRunnerWorker.java:95)
	at org.testng.TestNG.runSuitesSequentially(TestNG.java:1274)
	at org.testng.TestNG.runSuitesLocally(TestNG.java:1208)
	at org.testng.TestNG.runSuites(TestNG.java:1112)
	at org.testng.TestNG.run(TestNG.java:1079)
	at org.apache.maven.surefire.testng.TestNGExecutor.run(TestNGExecutor.java:308)
	at org.apache.maven.surefire.testng.TestNGXmlTestSuite.execute(TestNGXmlTestSuite.java:71)
	at org.apache.maven.surefire.testng.TestNGProvider.invoke(TestNGProvider.java:113)
	at org.apache.maven.surefire.booter.ForkedBooter.runSuitesInProcess(ForkedBooter.java:385)
	at org.apache.maven.surefire.booter.ForkedBooter.execute(ForkedBooter.java:162)
	at org.apache.maven.surefire.booter.ForkedBooter.run(ForkedBooter.java:507)
	at org.apache.maven.surefire.booter.ForkedBooter.main(ForkedBooter.java:495)
]]></system-err>
  </testcase>
  <testcase name="executeSearch" classname="com.eliasnogueira.workflow.SearchWorkflow" time="0.012">
    <system-out><![CDATA[Executing Search Workflow
Searching for: Business Room
Results found: 5
Search workflow executed successfully
]]></system-out>
    <system-err><![CDATA[[main] ERROR io.qameta.allure.listener.LifecycleNotifier - Could not invoke listener method
java.lang.NullPointerException: Cannot invoke "org.openqa.selenium.remote.RemoteWebDriver.getCapabilities()" because the return value of "com.eliasnogueira.driver.DriverManager.getDriver()" is null
	at com.eliasnogueira.driver.DriverManager.getInfo(DriverManager.java:50)
	at com.eliasnogueira.report.AllureTestLifecycleListener.afterTestStart(AllureTestLifecycleListener.java:70)
	at io.qameta.allure.listener.LifecycleNotifier.lambda$runSafely$0(LifecycleNotifier.java:210)
	at java.base/java.util.ArrayList.forEach(ArrayList.java:1511)
	at io.qameta.allure.listener.LifecycleNotifier.runSafely(LifecycleNotifier.java:208)
	at io.qameta.allure.listener.LifecycleNotifier.afterTestStart(LifecycleNotifier.java:82)
	at io.qameta.allure.AllureLifecycle.startTestCase(AllureLifecycle.java:366)
	at io.qameta.allure.testng.AllureTestNg.startTestCase(AllureTestNg.java:408)
	at io.qameta.allure.testng.AllureTestNg.startTestCase(AllureTestNg.java:348)
	at io.qameta.allure.testng.AllureTestNg.onTestStart(AllureTestNg.java:314)
	at org.testng.internal.TestListenerHelper.runTestListeners(TestListenerHelper.java:122)
	at org.testng.internal.invokers.TestInvoker.runTestResultListener(TestInvoker.java:296)
	at org.testng.internal.invokers.TestInvoker.invokeMethod(TestInvoker.java:658)
	at org.testng.internal.invokers.TestInvoker.invokeTestMethod(TestInvoker.java:230)
	at org.testng.internal.invokers.MethodRunner.runInSequence(MethodRunner.java:63)
	at org.testng.internal.invokers.TestInvoker$MethodInvocationAgent.invoke(TestInvoker.java:1005)
	at org.testng.internal.invokers.TestInvoker.invokeTestMethods(TestInvoker.java:203)
	at org.testng.internal.invokers.TestMethodWorker.invokeTestMethods(TestMethodWorker.java:154)
	at org.testng.internal.invokers.TestMethodWorker.run(TestMethodWorker.java:134)
	at java.base/java.util.ArrayList.forEach(ArrayList.java:1511)
	at org.testng.TestRunner.privateRun(TestRunner.java:744)
	at org.testng.TestRunner.run(TestRunner.java:616)
	at org.testng.SuiteRunner.runTest(SuiteRunner.java:421)
	at org.testng.SuiteRunner.runSequentially(SuiteRunner.java:413)
	at org.testng.SuiteRunner.privateRun(SuiteRunner.java:373)
	at org.testng.SuiteRunner.run(SuiteRunner.java:312)
	at org.testng.SuiteRunnerWorker.runSuite(SuiteRunnerWorker.java:52)
	at org.testng.SuiteRunnerWorker.run(SuiteRunnerWorker.java:95)
	at org.testng.TestNG.runSuitesSequentially(TestNG.java:1274)
	at org.testng.TestNG.runSuitesLocally(TestNG.java:1208)
	at org.testng.TestNG.runSuites(TestNG.java:1112)
	at org.testng.TestNG.run(TestNG.java:1079)
	at org.apache.maven.surefire.testng.TestNGExecutor.run(TestNGExecutor.java:308)
	at org.apache.maven.surefire.testng.TestNGXmlTestSuite.execute(TestNGXmlTestSuite.java:71)
	at org.apache.maven.surefire.testng.TestNGProvider.invoke(TestNGProvider.java:113)
	at org.apache.maven.surefire.booter.ForkedBooter.runSuitesInProcess(ForkedBooter.java:385)
	at org.apache.maven.surefire.booter.ForkedBooter.execute(ForkedBooter.java:162)
	at org.apache.maven.surefire.booter.ForkedBooter.run(ForkedBooter.java:507)
	at org.apache.maven.surefire.booter.ForkedBooter.main(ForkedBooter.java:495)
]]></system-err>
  </testcase>
  <testcase name="executeRegistration" classname="com.eliasnogueira.workflow.UserRegistrationWorkflow" time="0.011">
    <system-out><![CDATA[Executing User Registration Workflow
Processing registration for: newuser@email.com
User registration workflow executed successfully
]]></system-out>
    <system-err><![CDATA[[main] ERROR io.qameta.allure.listener.LifecycleNotifier - Could not invoke listener method
java.lang.NullPointerException: Cannot invoke "org.openqa.selenium.remote.RemoteWebDriver.getCapabilities()" because the return value of "com.eliasnogueira.driver.DriverManager.getDriver()" is null
	at com.eliasnogueira.driver.DriverManager.getInfo(DriverManager.java:50)
	at com.eliasnogueira.report.AllureTestLifecycleListener.afterTestStart(AllureTestLifecycleListener.java:70)
	at io.qameta.allure.listener.LifecycleNotifier.lambda$runSafely$0(LifecycleNotifier.java:210)
	at java.base/java.util.ArrayList.forEach(ArrayList.java:1511)
	at io.qameta.allure.listener.LifecycleNotifier.runSafely(LifecycleNotifier.java:208)
	at io.qameta.allure.listener.LifecycleNotifier.afterTestStart(LifecycleNotifier.java:82)
	at io.qameta.allure.AllureLifecycle.startTestCase(AllureLifecycle.java:366)
	at io.qameta.allure.testng.AllureTestNg.startTestCase(AllureTestNg.java:408)
	at io.qameta.allure.testng.AllureTestNg.startTestCase(AllureTestNg.java:348)
	at io.qameta.allure.testng.AllureTestNg.onTestStart(AllureTestNg.java:314)
	at org.testng.internal.TestListenerHelper.runTestListeners(TestListenerHelper.java:122)
	at org.testng.internal.invokers.TestInvoker.runTestResultListener(TestInvoker.java:296)
	at org.testng.internal.invokers.TestInvoker.invokeMethod(TestInvoker.java:658)
	at org.testng.internal.invokers.TestInvoker.invokeTestMethod(TestInvoker.java:230)
	at org.testng.internal.invokers.MethodRunner.runInSequence(MethodRunner.java:63)
	at org.testng.internal.invokers.TestInvoker$MethodInvocationAgent.invoke(TestInvoker.java:1005)
	at org.testng.internal.invokers.TestInvoker.invokeTestMethods(TestInvoker.java:203)
	at org.testng.internal.invokers.TestMethodWorker.invokeTestMethods(TestMethodWorker.java:154)
	at org.testng.internal.invokers.TestMethodWorker.run(TestMethodWorker.java:134)
	at java.base/java.util.ArrayList.forEach(ArrayList.java:1511)
	at org.testng.TestRunner.privateRun(TestRunner.java:744)
	at org.testng.TestRunner.run(TestRunner.java:616)
	at org.testng.SuiteRunner.runTest(SuiteRunner.java:421)
	at org.testng.SuiteRunner.runSequentially(SuiteRunner.java:413)
	at org.testng.SuiteRunner.privateRun(SuiteRunner.java:373)
	at org.testng.SuiteRunner.run(SuiteRunner.java:312)
	at org.testng.SuiteRunnerWorker.runSuite(SuiteRunnerWorker.java:52)
	at org.testng.SuiteRunnerWorker.run(SuiteRunnerWorker.java:95)
	at org.testng.TestNG.runSuitesSequentially(TestNG.java:1274)
	at org.testng.TestNG.runSuitesLocally(TestNG.java:1208)
	at org.testng.TestNG.runSuites(TestNG.java:1112)
	at org.testng.TestNG.run(TestNG.java:1079)
	at org.apache.maven.surefire.testng.TestNGExecutor.run(TestNGExecutor.java:308)
	at org.apache.maven.surefire.testng.TestNGXmlTestSuite.execute(TestNGXmlTestSuite.java:71)
	at org.apache.maven.surefire.testng.TestNGProvider.invoke(TestNGProvider.java:113)
	at org.apache.maven.surefire.booter.ForkedBooter.runSuitesInProcess(ForkedBooter.java:385)
	at org.apache.maven.surefire.booter.ForkedBooter.execute(ForkedBooter.java:162)
	at org.apache.maven.surefire.booter.ForkedBooter.run(ForkedBooter.java:507)
	at org.apache.maven.surefire.booter.ForkedBooter.main(ForkedBooter.java:495)
]]></system-err>
  </testcase>
  <testcase name="validateBooking" classname="com.eliasnogueira.workflow.BookingValidationWorkflow" time="0.012">
    <system-out><![CDATA[Executing Booking Validation Workflow
Validating booking: BK123456
Status: CONFIRMED
Payment received: true
Booking validation workflow executed successfully
]]></system-out>
    <system-err><![CDATA[[main] ERROR io.qameta.allure.listener.LifecycleNotifier - Could not invoke listener method
java.lang.NullPointerException: Cannot invoke "org.openqa.selenium.remote.RemoteWebDriver.getCapabilities()" because the return value of "com.eliasnogueira.driver.DriverManager.getDriver()" is null
	at com.eliasnogueira.driver.DriverManager.getInfo(DriverManager.java:50)
	at com.eliasnogueira.report.AllureTestLifecycleListener.afterTestStart(AllureTestLifecycleListener.java:70)
	at io.qameta.allure.listener.LifecycleNotifier.lambda$runSafely$0(LifecycleNotifier.java:210)
	at java.base/java.util.ArrayList.forEach(ArrayList.java:1511)
	at io.qameta.allure.listener.LifecycleNotifier.runSafely(LifecycleNotifier.java:208)
	at io.qameta.allure.listener.LifecycleNotifier.afterTestStart(LifecycleNotifier.java:82)
	at io.qameta.allure.AllureLifecycle.startTestCase(AllureLifecycle.java:366)
	at io.qameta.allure.testng.AllureTestNg.startTestCase(AllureTestNg.java:408)
	at io.qameta.allure.testng.AllureTestNg.startTestCase(AllureTestNg.java:348)
	at io.qameta.allure.testng.AllureTestNg.onTestStart(AllureTestNg.java:314)
	at org.testng.internal.TestListenerHelper.runTestListeners(TestListenerHelper.java:122)
	at org.testng.internal.invokers.TestInvoker.runTestResultListener(TestInvoker.java:296)
	at org.testng.internal.invokers.TestInvoker.invokeMethod(TestInvoker.java:658)
	at org.testng.internal.invokers.TestInvoker.invokeTestMethod(TestInvoker.java:230)
	at org.testng.internal.invokers.MethodRunner.runInSequence(MethodRunner.java:63)
	at org.testng.internal.invokers.TestInvoker$MethodInvocationAgent.invoke(TestInvoker.java:1005)
	at org.testng.internal.invokers.TestInvoker.invokeTestMethods(TestInvoker.java:203)
	at org.testng.internal.invokers.TestMethodWorker.invokeTestMethods(TestMethodWorker.java:154)
	at org.testng.internal.invokers.TestMethodWorker.run(TestMethodWorker.java:134)
	at java.base/java.util.ArrayList.forEach(ArrayList.java:1511)
	at org.testng.TestRunner.privateRun(TestRunner.java:744)
	at org.testng.TestRunner.run(TestRunner.java:616)
	at org.testng.SuiteRunner.runTest(SuiteRunner.java:421)
	at org.testng.SuiteRunner.runSequentially(SuiteRunner.java:413)
	at org.testng.SuiteRunner.privateRun(SuiteRunner.java:373)
	at org.testng.SuiteRunner.run(SuiteRunner.java:312)
	at org.testng.SuiteRunnerWorker.runSuite(SuiteRunnerWorker.java:52)
	at org.testng.SuiteRunnerWorker.run(SuiteRunnerWorker.java:95)
	at org.testng.TestNG.runSuitesSequentially(TestNG.java:1274)
	at org.testng.TestNG.runSuitesLocally(TestNG.java:1208)
	at org.testng.TestNG.runSuites(TestNG.java:1112)
	at org.testng.TestNG.run(TestNG.java:1079)
	at org.apache.maven.surefire.testng.TestNGExecutor.run(TestNGExecutor.java:308)
	at org.apache.maven.surefire.testng.TestNGXmlTestSuite.execute(TestNGXmlTestSuite.java:71)
	at org.apache.maven.surefire.testng.TestNGProvider.invoke(TestNGProvider.java:113)
	at org.apache.maven.surefire.booter.ForkedBooter.runSuitesInProcess(ForkedBooter.java:385)
	at org.apache.maven.surefire.booter.ForkedBooter.execute(ForkedBooter.java:162)
	at org.apache.maven.surefire.booter.ForkedBooter.run(ForkedBooter.java:507)
	at org.apache.maven.surefire.booter.ForkedBooter.main(ForkedBooter.java:495)
]]></system-err>
  </testcase>
  <testcase name="validateRoomBooking" classname="com.eliasnogueira.workflow.RoomBookingWorkflow" time="0.01">
    <system-out><![CDATA[Executing End-to-End Room Booking Workflow
Room booking workflow executed successfully
]]></system-out>
    <system-err><![CDATA[[main] ERROR io.qameta.allure.listener.LifecycleNotifier - Could not invoke listener method
java.lang.NullPointerException: Cannot invoke "org.openqa.selenium.remote.RemoteWebDriver.getCapabilities()" because the return value of "com.eliasnogueira.driver.DriverManager.getDriver()" is null
	at com.eliasnogueira.driver.DriverManager.getInfo(DriverManager.java:50)
	at com.eliasnogueira.report.AllureTestLifecycleListener.afterTestStart(AllureTestLifecycleListener.java:70)
	at io.qameta.allure.listener.LifecycleNotifier.lambda$runSafely$0(LifecycleNotifier.java:210)
	at java.base/java.util.ArrayList.forEach(ArrayList.java:1511)
	at io.qameta.allure.listener.LifecycleNotifier.runSafely(LifecycleNotifier.java:208)
	at io.qameta.allure.listener.LifecycleNotifier.afterTestStart(LifecycleNotifier.java:82)
	at io.qameta.allure.AllureLifecycle.startTestCase(AllureLifecycle.java:366)
	at io.qameta.allure.testng.AllureTestNg.startTestCase(AllureTestNg.java:408)
	at io.qameta.allure.testng.AllureTestNg.startTestCase(AllureTestNg.java:348)
	at io.qameta.allure.testng.AllureTestNg.onTestStart(AllureTestNg.java:314)
	at org.testng.internal.TestListenerHelper.runTestListeners(TestListenerHelper.java:122)
	at org.testng.internal.invokers.TestInvoker.runTestResultListener(TestInvoker.java:296)
	at org.testng.internal.invokers.TestInvoker.invokeMethod(TestInvoker.java:658)
	at org.testng.internal.invokers.TestInvoker.invokeTestMethod(TestInvoker.java:230)
	at org.testng.internal.invokers.MethodRunner.runInSequence(MethodRunner.java:63)
	at org.testng.internal.invokers.TestInvoker$MethodInvocationAgent.invoke(TestInvoker.java:1005)
	at org.testng.internal.invokers.TestInvoker.invokeTestMethods(TestInvoker.java:203)
	at org.testng.internal.invokers.TestMethodWorker.invokeTestMethods(TestMethodWorker.java:154)
	at org.testng.internal.invokers.TestMethodWorker.run(TestMethodWorker.java:134)
	at java.base/java.util.ArrayList.forEach(ArrayList.java:1511)
	at org.testng.TestRunner.privateRun(TestRunner.java:744)
	at org.testng.TestRunner.run(TestRunner.java:616)
	at org.testng.SuiteRunner.runTest(SuiteRunner.java:421)
	at org.testng.SuiteRunner.runSequentially(SuiteRunner.java:413)
	at org.testng.SuiteRunner.privateRun(SuiteRunner.java:373)
	at org.testng.SuiteRunner.run(SuiteRunner.java:312)
	at org.testng.SuiteRunnerWorker.runSuite(SuiteRunnerWorker.java:52)
	at org.testng.SuiteRunnerWorker.run(SuiteRunnerWorker.java:95)
	at org.testng.TestNG.runSuitesSequentially(TestNG.java:1274)
	at org.testng.TestNG.runSuitesLocally(TestNG.java:1208)
	at org.testng.TestNG.runSuites(TestNG.java:1112)
	at org.testng.TestNG.run(TestNG.java:1079)
	at org.apache.maven.surefire.testng.TestNGExecutor.run(TestNGExecutor.java:308)
	at org.apache.maven.surefire.testng.TestNGXmlTestSuite.execute(TestNGXmlTestSuite.java:71)
	at org.apache.maven.surefire.testng.TestNGProvider.invoke(TestNGProvider.java:113)
	at org.apache.maven.surefire.booter.ForkedBooter.runSuitesInProcess(ForkedBooter.java:385)
	at org.apache.maven.surefire.booter.ForkedBooter.execute(ForkedBooter.java:162)
	at org.apache.maven.surefire.booter.ForkedBooter.run(ForkedBooter.java:507)
	at org.apache.maven.surefire.booter.ForkedBooter.main(ForkedBooter.java:495)
]]></system-err>
  </testcase>
  <testcase name="executeCompleteBookingWorkflow" classname="com.eliasnogueira.workflow.BookingWorkflow" time="4.713"/>
</testsuite>